08:57:47.249 [main] INFO  com.heo.HelpeachotherApplication - Starting HelpeachotherApplication on LAPTOP-1M5RA4JD with PID 20132 (D:\Git\helpeachother\target\classes started by 11291 in D:\Git\helpeachother)
08:57:47.259 [main] DEBUG com.heo.HelpeachotherApplication - Running with Spring Boot v2.0.4.RELEASE, Spring v5.0.8.RELEASE
08:57:47.260 [main] INFO  com.heo.HelpeachotherApplication - The following profiles are active: druid
08:57:49.481 [main] INFO  org.apache.shiro.cache.ehcache.EhCacheManager - Cache with name 'com.heo.app.shiro.realm.UserRealm.authorizationCache' does not yet exist.  Creating now.
08:57:49.483 [main] INFO  org.apache.shiro.cache.ehcache.EhCacheManager - Added EhCache named [com.heo.app.shiro.realm.UserRealm.authorizationCache]
08:57:49.519 [main] INFO  org.apache.shiro.cache.ehcache.EhCacheManager - Using existing EHCache named [loginRecordCache]
08:57:52.821 [main] INFO  org.apache.coyote.http11.Http11NioProtocol - Initializing ProtocolHandler ["http-nio-8080"]
08:57:52.836 [main] INFO  org.apache.catalina.core.StandardService - Starting service [Tomcat]
08:57:52.836 [main] INFO  org.apache.catalina.core.StandardEngine - Starting Servlet Engine: Apache Tomcat/8.5.32
08:57:52.842 [localhost-startStop-1] INFO  org.apache.catalina.core.AprLifecycleListener - The APR based Apache Tomcat Native library which allows optimal performance in production environments was not found on the java.library.path: [C:\Program Files\Java\jdk1.8.0_171\bin;C:\WINDOWS\Sun\Java\bin;C:\WINDOWS\system32;C:\WINDOWS;C:\Program Files (x86)\Common Files\Oracle\Java\javapath;C:\ProgramData\Oracle\Java\javapath;C:\Program Files (x86)\Intel\iCLS Client\;C:\Program Files\Intel\iCLS Client\;C:\windows\system32;C:\windows;C:\windows\System32\Wbem;C:\windows\System32\WindowsPowerShell\v1.0\;C:\Program Files (x86)\Intel\Intel(R) Management Engine Components\DAL;C:\Program Files\Intel\Intel(R) Management Engine Components\DAL;C:\Program Files (x86)\Intel\Intel(R) Management Engine Components\IPT;C:\Program Files\Intel\Intel(R) Management Engine Components\IPT;C:\Program Files (x86)\NVIDIA Corporation\PhysX\Common;C:\WINDOWS\system32;C:\WINDOWS;C:\WINDOWS\System32\Wbem;C:\WINDOWS\System32\WindowsPowerShell\v1.0\;C:\Program Files\Intel\WiFi\bin\;C:\Program Files\Common Files\Intel\WirelessCommon\;D:\SoftwareForCode\Git\cmd;C:\Program Files\nodejs\;C:\Users\11291\AppData\Local\Microsoft\WindowsApps;D:\wamp64\bin\mysql\mysql5.7.14\bin;C:\Users\11291\AppData\Roaming\npm;%C:\Go%\bin;;.]
08:57:53.098 [localhost-startStop-1] INFO  org.apache.catalina.core.ContainerBase.[Tomcat].[localhost].[/] - Initializing Spring embedded WebApplicationContext
08:57:55.370 [main] INFO  org.apache.kafka.clients.consumer.ConsumerConfig - ConsumerConfig values: 
	auto.commit.interval.ms = 5000
	auto.offset.reset = earliest
	bootstrap.servers = [59.110.137.45:9092]
	check.crcs = true
	client.id = 
	connections.max.idle.ms = 540000
	enable.auto.commit = true
	exclude.internal.topics = true
	fetch.max.bytes = 52428800
	fetch.max.wait.ms = 500
	fetch.min.bytes = 1
	group.id = test
	heartbeat.interval.ms = 3000
	interceptor.classes = null
	internal.leave.group.on.close = true
	isolation.level = read_uncommitted
	key.deserializer = class org.apache.kafka.common.serialization.StringDeserializer
	max.partition.fetch.bytes = 1048576
	max.poll.interval.ms = 300000
	max.poll.records = 500
	metadata.max.age.ms = 300000
	metric.reporters = []
	metrics.num.samples = 2
	metrics.recording.level = INFO
	metrics.sample.window.ms = 30000
	partition.assignment.strategy = [class org.apache.kafka.clients.consumer.RangeAssignor]
	receive.buffer.bytes = 65536
	reconnect.backoff.max.ms = 1000
	reconnect.backoff.ms = 50
	request.timeout.ms = 305000
	retry.backoff.ms = 100
	sasl.jaas.config = null
	sasl.kerberos.kinit.cmd = /usr/bin/kinit
	sasl.kerberos.min.time.before.relogin = 60000
	sasl.kerberos.service.name = null
	sasl.kerberos.ticket.renew.jitter = 0.05
	sasl.kerberos.ticket.renew.window.factor = 0.8
	sasl.mechanism = GSSAPI
	security.protocol = PLAINTEXT
	send.buffer.bytes = 131072
	session.timeout.ms = 10000
	ssl.cipher.suites = null
	ssl.enabled.protocols = [TLSv1.2, TLSv1.1, TLSv1]
	ssl.endpoint.identification.algorithm = null
	ssl.key.password = null
	ssl.keymanager.algorithm = SunX509
	ssl.keystore.location = null
	ssl.keystore.password = null
	ssl.keystore.type = JKS
	ssl.protocol = TLS
	ssl.provider = null
	ssl.secure.random.implementation = null
	ssl.trustmanager.algorithm = PKIX
	ssl.truststore.location = null
	ssl.truststore.password = null
	ssl.truststore.type = JKS
	value.deserializer = class org.apache.kafka.common.serialization.StringDeserializer

08:57:55.475 [main] INFO  org.apache.kafka.common.utils.AppInfoParser - Kafka version : 1.0.2
08:57:55.476 [main] INFO  org.apache.kafka.common.utils.AppInfoParser - Kafka commitId : 2a121f7b1d402825
08:57:55.503 [main] INFO  org.apache.coyote.http11.Http11NioProtocol - Starting ProtocolHandler ["http-nio-8080"]
08:57:55.505 [main] INFO  org.apache.tomcat.util.net.NioSelectorPool - Using a shared selector for servlet write/read
08:57:55.548 [main] INFO  com.heo.HelpeachotherApplication - Started HelpeachotherApplication in 8.91 seconds (JVM running for 11.242)
08:57:55.874 [org.springframework.kafka.KafkaListenerEndpointContainer#0-0-C-1] INFO  org.apache.kafka.clients.consumer.internals.AbstractCoordinator - [Consumer clientId=consumer-1, groupId=test] Discovered group coordinator 59.110.137.45:9092 (id: 2147483647 rack: null)
08:57:55.880 [org.springframework.kafka.KafkaListenerEndpointContainer#0-0-C-1] INFO  org.apache.kafka.clients.consumer.internals.ConsumerCoordinator - [Consumer clientId=consumer-1, groupId=test] Revoking previously assigned partitions []
08:57:55.880 [org.springframework.kafka.KafkaListenerEndpointContainer#0-0-C-1] INFO  org.apache.kafka.clients.consumer.internals.AbstractCoordinator - [Consumer clientId=consumer-1, groupId=test] (Re-)joining group
08:57:55.933 [org.springframework.kafka.KafkaListenerEndpointContainer#0-0-C-1] INFO  org.apache.kafka.clients.consumer.internals.AbstractCoordinator - [Consumer clientId=consumer-1, groupId=test] Successfully joined group with generation 51
08:57:55.938 [org.springframework.kafka.KafkaListenerEndpointContainer#0-0-C-1] INFO  org.apache.kafka.clients.consumer.internals.ConsumerCoordinator - [Consumer clientId=consumer-1, groupId=test] Setting newly assigned partitions [test-0]
