23:18:33.792 [main] INFO  com.heo.HelpeachotherApplication - Starting HelpeachotherApplication on LAPTOP-1M5RA4JD with PID 4420 (C:\Users\11291\Desktop\helpeachother\target\classes started by 11291 in C:\Users\11291\Desktop\helpeachother)
23:18:33.823 [main] DEBUG com.heo.HelpeachotherApplication - Running with Spring Boot v1.5.10.RELEASE, Spring v4.3.14.RELEASE
23:18:33.824 [main] INFO  com.heo.HelpeachotherApplication - The following profiles are active: druid
23:18:34.236 [background-preinit] INFO  org.hibernate.validator.internal.util.Version - HV000001: Hibernate Validator 5.3.6.Final
23:18:36.252 [main] WARN  o.s.boot.context.embedded.AnnotationConfigEmbeddedWebApplicationContext - Exception encountered during context initialization - cancelling refresh attempt: org.springframework.beans.factory.UnsatisfiedDependencyException: Error creating bean with name 'methodValidationPostProcessor' defined in class path resource [org/springframework/boot/autoconfigure/validation/ValidationAutoConfiguration.class]: Unsatisfied dependency expressed through method 'methodValidationPostProcessor' parameter 0; nested exception is org.springframework.beans.factory.UnsatisfiedDependencyException: Error creating bean with name 'shiroFilterFactoryBean' defined in class path resource [com/heo/app/config/ShiroConfig.class]: Unsatisfied dependency expressed through method 'shiroFilterFactoryBean' parameter 0; nested exception is org.springframework.beans.factory.UnsatisfiedDependencyException: Error creating bean with name 'securityManager' defined in class path resource [com/heo/app/config/ShiroConfig.class]: Unsatisfied dependency expressed through method 'securityManager' parameter 0; nested exception is org.springframework.beans.factory.BeanCreationException: Error creating bean with name 'userRealm' defined in class path resource [com/heo/app/config/ShiroConfig.class]: Bean instantiation via factory method failed; nested exception is org.springframework.beans.BeanInstantiationException: Failed to instantiate [com.heo.app.shiro.realm.UserRealm]: Factory method 'userRealm' threw exception; nested exception is org.apache.shiro.cache.CacheException: org.apache.shiro.config.ConfigurationException: Unable to obtain input stream for cacheManagerConfigFile [classpath:ehcache/ehcache-shiro.xml]
23:18:36.291 [main] ERROR org.springframework.boot.SpringApplication - Application startup failed
org.springframework.beans.factory.UnsatisfiedDependencyException: Error creating bean with name 'methodValidationPostProcessor' defined in class path resource [org/springframework/boot/autoconfigure/validation/ValidationAutoConfiguration.class]: Unsatisfied dependency expressed through method 'methodValidationPostProcessor' parameter 0; nested exception is org.springframework.beans.factory.UnsatisfiedDependencyException: Error creating bean with name 'shiroFilterFactoryBean' defined in class path resource [com/heo/app/config/ShiroConfig.class]: Unsatisfied dependency expressed through method 'shiroFilterFactoryBean' parameter 0; nested exception is org.springframework.beans.factory.UnsatisfiedDependencyException: Error creating bean with name 'securityManager' defined in class path resource [com/heo/app/config/ShiroConfig.class]: Unsatisfied dependency expressed through method 'securityManager' parameter 0; nested exception is org.springframework.beans.factory.BeanCreationException: Error creating bean with name 'userRealm' defined in class path resource [com/heo/app/config/ShiroConfig.class]: Bean instantiation via factory method failed; nested exception is org.springframework.beans.BeanInstantiationException: Failed to instantiate [com.heo.app.shiro.realm.UserRealm]: Factory method 'userRealm' threw exception; nested exception is org.apache.shiro.cache.CacheException: org.apache.shiro.config.ConfigurationException: Unable to obtain input stream for cacheManagerConfigFile [classpath:ehcache/ehcache-shiro.xml]
	at org.springframework.beans.factory.support.ConstructorResolver.createArgumentArray(ConstructorResolver.java:749)
	at org.springframework.beans.factory.support.ConstructorResolver.instantiateUsingFactoryMethod(ConstructorResolver.java:467)
	at org.springframework.beans.factory.support.AbstractAutowireCapableBeanFactory.instantiateUsingFactoryMethod(AbstractAutowireCapableBeanFactory.java:1173)
	at org.springframework.beans.factory.support.AbstractAutowireCapableBeanFactory.createBeanInstance(AbstractAutowireCapableBeanFactory.java:1067)
	at org.springframework.beans.factory.support.AbstractAutowireCapableBeanFactory.doCreateBean(AbstractAutowireCapableBeanFactory.java:513)
	at org.springframework.beans.factory.support.AbstractAutowireCapableBeanFactory.createBean(AbstractAutowireCapableBeanFactory.java:483)
	at org.springframework.beans.factory.support.AbstractBeanFactory$1.getObject(AbstractBeanFactory.java:306)
	at org.springframework.beans.factory.support.DefaultSingletonBeanRegistry.getSingleton(DefaultSingletonBeanRegistry.java:230)
	at org.springframework.beans.factory.support.AbstractBeanFactory.doGetBean(AbstractBeanFactory.java:302)
	at org.springframework.beans.factory.support.AbstractBeanFactory.getBean(AbstractBeanFactory.java:202)
	at org.springframework.context.support.PostProcessorRegistrationDelegate.registerBeanPostProcessors(PostProcessorRegistrationDelegate.java:225)
	at org.springframework.context.support.AbstractApplicationContext.registerBeanPostProcessors(AbstractApplicationContext.java:703)
	at org.springframework.context.support.AbstractApplicationContext.refresh(AbstractApplicationContext.java:528)
	at org.springframework.boot.context.embedded.EmbeddedWebApplicationContext.refresh(EmbeddedWebApplicationContext.java:122)
	at org.springframework.boot.SpringApplication.refresh(SpringApplication.java:693)
	at org.springframework.boot.SpringApplication.refreshContext(SpringApplication.java:360)
	at org.springframework.boot.SpringApplication.run(SpringApplication.java:303)
	at org.springframework.boot.SpringApplication.run(SpringApplication.java:1118)
	at org.springframework.boot.SpringApplication.run(SpringApplication.java:1107)
	at com.heo.HelpeachotherApplication.main(HelpeachotherApplication.java:13)
Caused by: org.springframework.beans.factory.UnsatisfiedDependencyException: Error creating bean with name 'shiroFilterFactoryBean' defined in class path resource [com/heo/app/config/ShiroConfig.class]: Unsatisfied dependency expressed through method 'shiroFilterFactoryBean' parameter 0; nested exception is org.springframework.beans.factory.UnsatisfiedDependencyException: Error creating bean with name 'securityManager' defined in class path resource [com/heo/app/config/ShiroConfig.class]: Unsatisfied dependency expressed through method 'securityManager' parameter 0; nested exception is org.springframework.beans.factory.BeanCreationException: Error creating bean with name 'userRealm' defined in class path resource [com/heo/app/config/ShiroConfig.class]: Bean instantiation via factory method failed; nested exception is org.springframework.beans.BeanInstantiationException: Failed to instantiate [com.heo.app.shiro.realm.UserRealm]: Factory method 'userRealm' threw exception; nested exception is org.apache.shiro.cache.CacheException: org.apache.shiro.config.ConfigurationException: Unable to obtain input stream for cacheManagerConfigFile [classpath:ehcache/ehcache-shiro.xml]
	at org.springframework.beans.factory.support.ConstructorResolver.createArgumentArray(ConstructorResolver.java:749)
	at org.springframework.beans.factory.support.ConstructorResolver.instantiateUsingFactoryMethod(ConstructorResolver.java:467)
	at org.springframework.beans.factory.support.AbstractAutowireCapableBeanFactory.instantiateUsingFactoryMethod(AbstractAutowireCapableBeanFactory.java:1173)
	at org.springframework.beans.factory.support.AbstractAutowireCapableBeanFactory.createBeanInstance(AbstractAutowireCapableBeanFactory.java:1067)
	at org.springframework.beans.factory.support.AbstractAutowireCapableBeanFactory.getSingletonFactoryBeanForTypeCheck(AbstractAutowireCapableBeanFactory.java:923)
	at org.springframework.beans.factory.support.AbstractAutowireCapableBeanFactory.getTypeForFactoryBean(AbstractAutowireCapableBeanFactory.java:804)
	at org.springframework.beans.factory.support.AbstractBeanFactory.isTypeMatch(AbstractBeanFactory.java:558)
	at org.springframework.beans.factory.support.DefaultListableBeanFactory.doGetBeanNamesForType(DefaultListableBeanFactory.java:432)
	at org.springframework.beans.factory.support.DefaultListableBeanFactory.getBeanNamesForType(DefaultListableBeanFactory.java:395)
	at org.springframework.beans.factory.BeanFactoryUtils.beanNamesForTypeIncludingAncestors(BeanFactoryUtils.java:220)
	at org.springframework.beans.factory.support.DefaultListableBeanFactory.findAutowireCandidates(DefaultListableBeanFactory.java:1267)
	at org.springframework.beans.factory.support.DefaultListableBeanFactory.doResolveDependency(DefaultListableBeanFactory.java:1101)
	at org.springframework.beans.factory.support.DefaultListableBeanFactory.resolveDependency(DefaultListableBeanFactory.java:1066)
	at org.springframework.beans.factory.support.ConstructorResolver.resolveAutowiredArgument(ConstructorResolver.java:835)
	at org.springframework.beans.factory.support.ConstructorResolver.createArgumentArray(ConstructorResolver.java:741)
	... 19 common frames omitted
Caused by: org.springframework.beans.factory.UnsatisfiedDependencyException: Error creating bean with name 'securityManager' defined in class path resource [com/heo/app/config/ShiroConfig.class]: Unsatisfied dependency expressed through method 'securityManager' parameter 0; nested exception is org.springframework.beans.factory.BeanCreationException: Error creating bean with name 'userRealm' defined in class path resource [com/heo/app/config/ShiroConfig.class]: Bean instantiation via factory method failed; nested exception is org.springframework.beans.BeanInstantiationException: Failed to instantiate [com.heo.app.shiro.realm.UserRealm]: Factory method 'userRealm' threw exception; nested exception is org.apache.shiro.cache.CacheException: org.apache.shiro.config.ConfigurationException: Unable to obtain input stream for cacheManagerConfigFile [classpath:ehcache/ehcache-shiro.xml]
	at org.springframework.beans.factory.support.ConstructorResolver.createArgumentArray(ConstructorResolver.java:749)
	at org.springframework.beans.factory.support.ConstructorResolver.instantiateUsingFactoryMethod(ConstructorResolver.java:467)
	at org.springframework.beans.factory.support.AbstractAutowireCapableBeanFactory.instantiateUsingFactoryMethod(AbstractAutowireCapableBeanFactory.java:1173)
	at org.springframework.beans.factory.support.AbstractAutowireCapableBeanFactory.createBeanInstance(AbstractAutowireCapableBeanFactory.java:1067)
	at org.springframework.beans.factory.support.AbstractAutowireCapableBeanFactory.doCreateBean(AbstractAutowireCapableBeanFactory.java:513)
	at org.springframework.beans.factory.support.AbstractAutowireCapableBeanFactory.createBean(AbstractAutowireCapableBeanFactory.java:483)
	at org.springframework.beans.factory.support.AbstractBeanFactory$1.getObject(AbstractBeanFactory.java:306)
	at org.springframework.beans.factory.support.DefaultSingletonBeanRegistry.getSingleton(DefaultSingletonBeanRegistry.java:230)
	at org.springframework.beans.factory.support.AbstractBeanFactory.doGetBean(AbstractBeanFactory.java:302)
	at org.springframework.beans.factory.support.AbstractBeanFactory.getBean(AbstractBeanFactory.java:202)
	at org.springframework.beans.factory.config.DependencyDescriptor.resolveCandidate(DependencyDescriptor.java:208)
	at org.springframework.beans.factory.support.DefaultListableBeanFactory.doResolveDependency(DefaultListableBeanFactory.java:1138)
	at org.springframework.beans.factory.support.DefaultListableBeanFactory.resolveDependency(DefaultListableBeanFactory.java:1066)
	at org.springframework.beans.factory.support.ConstructorResolver.resolveAutowiredArgument(ConstructorResolver.java:835)
	at org.springframework.beans.factory.support.ConstructorResolver.createArgumentArray(ConstructorResolver.java:741)
	... 33 common frames omitted
Caused by: org.springframework.beans.factory.BeanCreationException: Error creating bean with name 'userRealm' defined in class path resource [com/heo/app/config/ShiroConfig.class]: Bean instantiation via factory method failed; nested exception is org.springframework.beans.BeanInstantiationException: Failed to instantiate [com.heo.app.shiro.realm.UserRealm]: Factory method 'userRealm' threw exception; nested exception is org.apache.shiro.cache.CacheException: org.apache.shiro.config.ConfigurationException: Unable to obtain input stream for cacheManagerConfigFile [classpath:ehcache/ehcache-shiro.xml]
	at org.springframework.beans.factory.support.ConstructorResolver.instantiateUsingFactoryMethod(ConstructorResolver.java:599)
	at org.springframework.beans.factory.support.AbstractAutowireCapableBeanFactory.instantiateUsingFactoryMethod(AbstractAutowireCapableBeanFactory.java:1173)
	at org.springframework.beans.factory.support.AbstractAutowireCapableBeanFactory.createBeanInstance(AbstractAutowireCapableBeanFactory.java:1067)
	at org.springframework.beans.factory.support.AbstractAutowireCapableBeanFactory.doCreateBean(AbstractAutowireCapableBeanFactory.java:513)
	at org.springframework.beans.factory.support.AbstractAutowireCapableBeanFactory.createBean(AbstractAutowireCapableBeanFactory.java:483)
	at org.springframework.beans.factory.support.AbstractBeanFactory$1.getObject(AbstractBeanFactory.java:306)
	at org.springframework.beans.factory.support.DefaultSingletonBeanRegistry.getSingleton(DefaultSingletonBeanRegistry.java:230)
	at org.springframework.beans.factory.support.AbstractBeanFactory.doGetBean(AbstractBeanFactory.java:302)
	at org.springframework.beans.factory.support.AbstractBeanFactory.getBean(AbstractBeanFactory.java:202)
	at org.springframework.beans.factory.config.DependencyDescriptor.resolveCandidate(DependencyDescriptor.java:208)
	at org.springframework.beans.factory.support.DefaultListableBeanFactory.doResolveDependency(DefaultListableBeanFactory.java:1138)
	at org.springframework.beans.factory.support.DefaultListableBeanFactory.resolveDependency(DefaultListableBeanFactory.java:1066)
	at org.springframework.beans.factory.support.ConstructorResolver.resolveAutowiredArgument(ConstructorResolver.java:835)
	at org.springframework.beans.factory.support.ConstructorResolver.createArgumentArray(ConstructorResolver.java:741)
	... 47 common frames omitted
Caused by: org.springframework.beans.BeanInstantiationException: Failed to instantiate [com.heo.app.shiro.realm.UserRealm]: Factory method 'userRealm' threw exception; nested exception is org.apache.shiro.cache.CacheException: org.apache.shiro.config.ConfigurationException: Unable to obtain input stream for cacheManagerConfigFile [classpath:ehcache/ehcache-shiro.xml]
	at org.springframework.beans.factory.support.SimpleInstantiationStrategy.instantiate(SimpleInstantiationStrategy.java:189)
	at org.springframework.beans.factory.support.ConstructorResolver.instantiateUsingFactoryMethod(ConstructorResolver.java:588)
	... 60 common frames omitted
Caused by: org.apache.shiro.cache.CacheException: org.apache.shiro.config.ConfigurationException: Unable to obtain input stream for cacheManagerConfigFile [classpath:ehcache/ehcache-shiro.xml]
	at org.apache.shiro.cache.ehcache.EhCacheManager.ensureCacheManager(EhCacheManager.java:224)
	at org.apache.shiro.cache.ehcache.EhCacheManager.getCache(EhCacheManager.java:156)
	at org.apache.shiro.realm.AuthorizingRealm.getAuthorizationCacheLazy(AuthorizingRealm.java:245)
	at org.apache.shiro.realm.AuthorizingRealm.getAvailableAuthorizationCache(AuthorizingRealm.java:260)
	at org.apache.shiro.realm.AuthorizingRealm.afterCacheManagerSet(AuthorizingRealm.java:226)
	at org.apache.shiro.realm.CachingRealm.setCacheManager(CachingRealm.java:96)
	at com.heo.app.config.ShiroConfig.userRealm(ShiroConfig.java:94)
	at com.heo.app.config.ShiroConfig$$EnhancerBySpringCGLIB$$c85ab770.CGLIB$userRealm$3(<generated>)
	at com.heo.app.config.ShiroConfig$$EnhancerBySpringCGLIB$$c85ab770$$FastClassBySpringCGLIB$$869a832b.invoke(<generated>)
	at org.springframework.cglib.proxy.MethodProxy.invokeSuper(MethodProxy.java:228)
	at org.springframework.context.annotation.ConfigurationClassEnhancer$BeanMethodInterceptor.intercept(ConfigurationClassEnhancer.java:358)
	at com.heo.app.config.ShiroConfig$$EnhancerBySpringCGLIB$$c85ab770.userRealm(<generated>)
	at sun.reflect.NativeMethodAccessorImpl.invoke0(Native Method)
	at sun.reflect.NativeMethodAccessorImpl.invoke(NativeMethodAccessorImpl.java:62)
	at sun.reflect.DelegatingMethodAccessorImpl.invoke(DelegatingMethodAccessorImpl.java:43)
	at java.lang.reflect.Method.invoke(Method.java:498)
	at org.springframework.beans.factory.support.SimpleInstantiationStrategy.instantiate(SimpleInstantiationStrategy.java:162)
	... 61 common frames omitted
Caused by: org.apache.shiro.config.ConfigurationException: Unable to obtain input stream for cacheManagerConfigFile [classpath:ehcache/ehcache-shiro.xml]
	at org.apache.shiro.cache.ehcache.EhCacheManager.getCacheManagerConfigFileInputStream(EhCacheManager.java:139)
	at org.apache.shiro.cache.ehcache.EhCacheManager.ensureCacheManager(EhCacheManager.java:213)
	... 77 common frames omitted
Caused by: java.io.IOException: Resource [classpath:ehcache/ehcache-shiro.xml] could not be found.
	at org.apache.shiro.io.ResourceUtils.getInputStreamForPath(ResourceUtils.java:139)
	at org.apache.shiro.cache.ehcache.EhCacheManager.getCacheManagerConfigFileInputStream(EhCacheManager.java:137)
	... 78 common frames omitted
23:20:14.043 [main] INFO  com.heo.HelpeachotherApplication - Starting HelpeachotherApplication on LAPTOP-1M5RA4JD with PID 1176 (C:\Users\11291\Desktop\helpeachother\target\classes started by 11291 in C:\Users\11291\Desktop\helpeachother)
23:20:14.044 [main] DEBUG com.heo.HelpeachotherApplication - Running with Spring Boot v1.5.10.RELEASE, Spring v4.3.14.RELEASE
23:20:14.044 [main] INFO  com.heo.HelpeachotherApplication - The following profiles are active: druid
23:20:14.269 [background-preinit] INFO  org.hibernate.validator.internal.util.Version - HV000001: Hibernate Validator 5.3.6.Final
23:20:15.647 [main] INFO  org.apache.shiro.cache.ehcache.EhCacheManager - Cache with name 'com.heo.app.shiro.realm.UserRealm.authorizationCache' does not yet exist.  Creating now.
23:20:15.648 [main] INFO  org.apache.shiro.cache.ehcache.EhCacheManager - Added EhCache named [com.heo.app.shiro.realm.UserRealm.authorizationCache]
23:20:15.700 [main] INFO  org.apache.shiro.cache.ehcache.EhCacheManager - Using existing EHCache named [loginRecordCache]
23:20:17.691 [main] INFO  org.apache.catalina.core.StandardService - Starting service [Tomcat]
23:20:17.693 [main] INFO  org.apache.catalina.core.StandardEngine - Starting Servlet Engine: Apache Tomcat/8.5.27
23:20:17.825 [localhost-startStop-1] INFO  org.apache.catalina.core.ContainerBase.[Tomcat].[localhost].[/] - Initializing Spring embedded WebApplicationContext
23:20:20.213 [main] INFO  org.apache.coyote.http11.Http11NioProtocol - Initializing ProtocolHandler ["http-nio-8080"]
23:20:20.229 [main] INFO  org.apache.coyote.http11.Http11NioProtocol - Starting ProtocolHandler ["http-nio-8080"]
23:20:20.240 [main] INFO  org.apache.tomcat.util.net.NioSelectorPool - Using a shared selector for servlet write/read
23:20:20.266 [main] INFO  com.heo.HelpeachotherApplication - Started HelpeachotherApplication in 6.73 seconds (JVM running for 8.089)
23:20:34.200 [http-nio-8080-exec-1] INFO  org.apache.catalina.core.ContainerBase.[Tomcat].[localhost].[/] - Initializing Spring FrameworkServlet 'dispatcherServlet'
23:20:34.253 [http-nio-8080-exec-1] INFO  org.apache.shiro.session.mgt.AbstractValidatingSessionManager - Enabling session validation scheduler...
23:20:34.254 [http-nio-8080-exec-1] DEBUG com.heo.app.shiro.web.session.SpringSessionValidationScheduler - Scheduling session validation job using Spring Scheduler with session validation interval of [600000]ms...
23:20:34.254 [http-nio-8080-exec-1] DEBUG com.heo.app.shiro.web.session.SpringSessionValidationScheduler - Session validation job successfully scheduled with Spring Scheduler.
23:20:34.257 [http-nio-8080-exec-1] INFO  org.apache.shiro.cache.ehcache.EhCacheManager - Using existing EHCache named [shiro-activeSessionCache]
23:20:34.347 [http-nio-8080-exec-1] INFO  com.alibaba.druid.pool.DruidDataSource - {dataSource-1} inited
23:20:34.731 [http-nio-8080-exec-1] DEBUG com.heo.dao.UserOnlineMapper.selectByPrimaryKey - ==>  Preparing: select sessionId, user_name, ipaddr, login_location, browser, os, status, start_timestsamp, last_access_time, expire_time from user_online where sessionId = ? 
23:20:34.763 [http-nio-8080-exec-1] DEBUG com.heo.dao.UserOnlineMapper.selectByPrimaryKey - ==> Parameters: e67cf218-9230-4125-9c87-6c97b6ca0565(String)
23:20:34.790 [http-nio-8080-exec-1] DEBUG com.heo.dao.UserOnlineMapper.selectByPrimaryKey - <==      Total: 0
23:20:35.260 [pool-1-thread-1] INFO  com.heo.app.shiro.web.session.OnlineWebSessionManager - invalidation sessions...
23:20:35.265 [pool-1-thread-1] DEBUG com.heo.dao.UserOnlineMapper.selectOnlineByExpired - ==>  Preparing: SELECT * FROM user_online o WHERE o.last_access_time <= ? ORDER BY o.last_access_time ASC 
23:20:35.265 [pool-1-thread-1] DEBUG com.heo.dao.UserOnlineMapper.selectOnlineByExpired - ==> Parameters: 2018-09-14 22:50:35(String)
23:20:35.556 [http-nio-8080-exec-4] DEBUG com.heo.dao.UserOnlineMapper.selectByPrimaryKey - ==>  Preparing: select sessionId, user_name, ipaddr, login_location, browser, os, status, start_timestsamp, last_access_time, expire_time from user_online where sessionId = ? 
23:20:35.557 [http-nio-8080-exec-4] DEBUG com.heo.dao.UserOnlineMapper.selectByPrimaryKey - ==> Parameters: e67cf218-9230-4125-9c87-6c97b6ca0565(String)
23:20:35.560 [http-nio-8080-exec-4] DEBUG com.heo.dao.UserOnlineMapper.selectByPrimaryKey - <==      Total: 0
23:20:35.573 [http-nio-8080-exec-2] DEBUG com.heo.dao.UserOnlineMapper.selectByPrimaryKey - ==>  Preparing: select sessionId, user_name, ipaddr, login_location, browser, os, status, start_timestsamp, last_access_time, expire_time from user_online where sessionId = ? 
23:20:35.575 [http-nio-8080-exec-2] DEBUG com.heo.dao.UserOnlineMapper.selectByPrimaryKey - ==> Parameters: e67cf218-9230-4125-9c87-6c97b6ca0565(String)
23:20:35.577 [http-nio-8080-exec-2] DEBUG com.heo.dao.UserOnlineMapper.selectByPrimaryKey - <==      Total: 0
23:20:35.578 [http-nio-8080-exec-7] DEBUG com.heo.dao.UserOnlineMapper.selectByPrimaryKey - ==>  Preparing: select sessionId, user_name, ipaddr, login_location, browser, os, status, start_timestsamp, last_access_time, expire_time from user_online where sessionId = ? 
23:20:35.580 [http-nio-8080-exec-7] DEBUG com.heo.dao.UserOnlineMapper.selectByPrimaryKey - ==> Parameters: e67cf218-9230-4125-9c87-6c97b6ca0565(String)
23:20:35.583 [http-nio-8080-exec-7] DEBUG com.heo.dao.UserOnlineMapper.selectByPrimaryKey - <==      Total: 0
23:20:39.319 [http-nio-8080-exec-5] DEBUG com.heo.dao.UserOnlineMapper.selectByPrimaryKey - ==>  Preparing: select sessionId, user_name, ipaddr, login_location, browser, os, status, start_timestsamp, last_access_time, expire_time from user_online where sessionId = ? 
23:20:39.319 [http-nio-8080-exec-5] DEBUG com.heo.dao.UserOnlineMapper.selectByPrimaryKey - ==> Parameters: e67cf218-9230-4125-9c87-6c97b6ca0565(String)
23:20:39.325 [http-nio-8080-exec-5] DEBUG com.heo.dao.UserOnlineMapper.selectByPrimaryKey - <==      Total: 0
23:20:39.415 [http-nio-8080-exec-5] DEBUG com.heo.dao.UserMapper.selectByExample - ==>  Preparing: select id, user_name, pass_word, salt, email, major_id, phone, location_id, type, alipay_id, wechat_id, qq_number, picture, student_id, created_at, updated_at, modify_by, login_ip, last_login from user WHERE ( user_name = ? ) 
23:20:39.416 [http-nio-8080-exec-5] DEBUG com.heo.dao.UserMapper.selectByExample - ==> Parameters: zwt(String)
23:20:39.428 [http-nio-8080-exec-5] DEBUG com.heo.dao.UserMapper.selectByExample - <==      Total: 1
23:20:39.688 [http-nio-8080-exec-5] INFO  sys-user - [127.0.0.1]XX 内网IP[zwt][Success][登录成功]
23:20:41.710 [http-nio-8080-exec-5] ERROR com.heo.common.utils.AddressUtils - 温馨提醒：您的主机已经断网，请您检查主机的网络连接
23:20:41.712 [http-nio-8080-exec-5] ERROR com.heo.common.utils.AddressUtils - 根据IP获取所在位置----------错误消息：Read timed out
23:20:41.725 [http-nio-8080-exec-5] ERROR com.heo.common.utils.AddressUtils - 根据IP获取所在位置----------错误消息：null
23:20:41.732 [http-nio-8080-exec-5] DEBUG com.heo.dao.LoginInformationMapper.insertSelective - ==>  Preparing: insert into login_information ( user_name, ipaddr, browser, os, status, msg ) values ( ?, ?, ?, ?, ?, ? ) 
23:20:41.737 [http-nio-8080-exec-5] DEBUG com.heo.dao.LoginInformationMapper.insertSelective - ==> Parameters: zwt(String), 127.0.0.1(String), Chrome(String), Windows 10(String), 0(Integer), 登录成功(String)
23:20:41.754 [http-nio-8080-exec-5] DEBUG com.heo.dao.LoginInformationMapper.insertSelective - <==    Updates: 1
23:20:41.762 [http-nio-8080-exec-5] DEBUG com.heo.dao.UserMapper.updateByPrimaryKeySelective - ==>  Preparing: update user SET user_name = ?, pass_word = ?, salt = ?, email = ?, major_id = ?, phone = ?, location_id = ?, type = ?, student_id = ?, created_at = ?, updated_at = ?, login_ip = ?, last_login = ? where id = ? 
23:20:41.770 [http-nio-8080-exec-5] DEBUG com.heo.dao.UserMapper.updateByPrimaryKeySelective - ==> Parameters: zwt(String), bdf94cae8883b035c2976e1b1e6c5d5c(String), 11111(Integer), 1129114837@qq.com(String), 1(Integer), 17611233021(String), 1(String), 1(Byte), (String), 2018-09-12 21:58:02.0(Timestamp), 2018-09-12 21:58:22.0(Timestamp), 127.0.0.1(String), 2018-09-14 23:20:41.756(Timestamp), 1(Long)
23:20:41.777 [http-nio-8080-exec-5] DEBUG com.heo.dao.UserMapper.updateByPrimaryKeySelective - <==    Updates: 1
23:21:49.145 [main] INFO  com.heo.HelpeachotherApplication - Starting HelpeachotherApplication on LAPTOP-1M5RA4JD with PID 96 (C:\Users\11291\Desktop\helpeachother\target\classes started by 11291 in C:\Users\11291\Desktop\helpeachother)
23:21:49.149 [main] DEBUG com.heo.HelpeachotherApplication - Running with Spring Boot v1.5.10.RELEASE, Spring v4.3.14.RELEASE
23:21:49.150 [main] INFO  com.heo.HelpeachotherApplication - The following profiles are active: druid
23:21:49.349 [background-preinit] INFO  org.hibernate.validator.internal.util.Version - HV000001: Hibernate Validator 5.3.6.Final
23:21:50.925 [main] INFO  org.apache.shiro.cache.ehcache.EhCacheManager - Cache with name 'com.heo.app.shiro.realm.UserRealm.authorizationCache' does not yet exist.  Creating now.
23:21:50.926 [main] INFO  org.apache.shiro.cache.ehcache.EhCacheManager - Added EhCache named [com.heo.app.shiro.realm.UserRealm.authorizationCache]
23:21:51.920 [main] INFO  org.apache.shiro.cache.ehcache.EhCacheManager - Using existing EHCache named [loginRecordCache]
23:22:02.778 [main] INFO  org.apache.catalina.core.StandardService - Starting service [Tomcat]
23:22:02.783 [main] INFO  org.apache.catalina.core.StandardEngine - Starting Servlet Engine: Apache Tomcat/8.5.27
23:22:04.217 [localhost-startStop-1] INFO  org.apache.catalina.core.ContainerBase.[Tomcat].[localhost].[/] - Initializing Spring embedded WebApplicationContext
23:22:33.848 [main] INFO  org.apache.coyote.http11.Http11NioProtocol - Initializing ProtocolHandler ["http-nio-8080"]
23:22:33.967 [main] INFO  org.apache.coyote.http11.Http11NioProtocol - Starting ProtocolHandler ["http-nio-8080"]
23:22:34.046 [main] INFO  org.apache.tomcat.util.net.NioSelectorPool - Using a shared selector for servlet write/read
23:22:34.262 [main] INFO  com.heo.HelpeachotherApplication - Started HelpeachotherApplication in 45.693 seconds (JVM running for 47.391)
23:22:38.413 [http-nio-8080-exec-2] INFO  org.apache.catalina.core.ContainerBase.[Tomcat].[localhost].[/] - Initializing Spring FrameworkServlet 'dispatcherServlet'
23:22:38.746 [http-nio-8080-exec-2] INFO  org.apache.shiro.session.mgt.AbstractValidatingSessionManager - Enabling session validation scheduler...
23:22:38.747 [http-nio-8080-exec-2] DEBUG com.heo.app.shiro.web.session.SpringSessionValidationScheduler - Scheduling session validation job using Spring Scheduler with session validation interval of [600000]ms...
23:22:38.751 [http-nio-8080-exec-2] DEBUG com.heo.app.shiro.web.session.SpringSessionValidationScheduler - Session validation job successfully scheduled with Spring Scheduler.
23:22:38.762 [http-nio-8080-exec-2] INFO  org.apache.shiro.cache.ehcache.EhCacheManager - Using existing EHCache named [shiro-activeSessionCache]
23:22:39.233 [http-nio-8080-exec-2] INFO  com.alibaba.druid.pool.DruidDataSource - {dataSource-1} inited
23:22:39.752 [pool-1-thread-1] INFO  com.heo.app.shiro.web.session.OnlineWebSessionManager - invalidation sessions...
23:22:40.390 [pool-1-thread-1] DEBUG com.heo.dao.UserOnlineMapper.selectOnlineByExpired - ==>  Preparing: SELECT * FROM user_online o WHERE o.last_access_time <= ? ORDER BY o.last_access_time ASC 
23:22:40.390 [http-nio-8080-exec-2] DEBUG com.heo.dao.UserOnlineMapper.selectByPrimaryKey - ==>  Preparing: select sessionId, user_name, ipaddr, login_location, browser, os, status, start_timestsamp, last_access_time, expire_time from user_online where sessionId = ? 
23:22:40.814 [http-nio-8080-exec-2] DEBUG com.heo.dao.UserOnlineMapper.selectByPrimaryKey - ==> Parameters: 1bffa259-0f41-4a43-b236-ff857ef463f9(String)
23:22:40.814 [pool-1-thread-1] DEBUG com.heo.dao.UserOnlineMapper.selectOnlineByExpired - ==> Parameters: 2018-09-14 22:52:39(String)
23:22:41.031 [http-nio-8080-exec-2] DEBUG com.heo.dao.UserOnlineMapper.selectByPrimaryKey - <==      Total: 0
23:22:48.814 [http-nio-8080-exec-3] DEBUG com.heo.dao.UserOnlineMapper.selectByPrimaryKey - ==>  Preparing: select sessionId, user_name, ipaddr, login_location, browser, os, status, start_timestsamp, last_access_time, expire_time from user_online where sessionId = ? 
23:22:48.818 [http-nio-8080-exec-3] DEBUG com.heo.dao.UserOnlineMapper.selectByPrimaryKey - ==> Parameters: 1bffa259-0f41-4a43-b236-ff857ef463f9(String)
23:22:48.823 [http-nio-8080-exec-3] DEBUG com.heo.dao.UserOnlineMapper.selectByPrimaryKey - <==      Total: 0
23:22:53.823 [http-nio-8080-exec-4] DEBUG com.heo.dao.UserOnlineMapper.selectByPrimaryKey - ==>  Preparing: select sessionId, user_name, ipaddr, login_location, browser, os, status, start_timestsamp, last_access_time, expire_time from user_online where sessionId = ? 
23:22:53.823 [http-nio-8080-exec-5] DEBUG com.heo.dao.UserOnlineMapper.selectByPrimaryKey - ==>  Preparing: select sessionId, user_name, ipaddr, login_location, browser, os, status, start_timestsamp, last_access_time, expire_time from user_online where sessionId = ? 
23:22:53.828 [http-nio-8080-exec-4] DEBUG com.heo.dao.UserOnlineMapper.selectByPrimaryKey - ==> Parameters: 1bffa259-0f41-4a43-b236-ff857ef463f9(String)
23:22:53.829 [http-nio-8080-exec-5] DEBUG com.heo.dao.UserOnlineMapper.selectByPrimaryKey - ==> Parameters: 1bffa259-0f41-4a43-b236-ff857ef463f9(String)
23:22:53.835 [http-nio-8080-exec-4] DEBUG com.heo.dao.UserOnlineMapper.selectByPrimaryKey - <==      Total: 0
23:22:53.836 [http-nio-8080-exec-5] DEBUG com.heo.dao.UserOnlineMapper.selectByPrimaryKey - <==      Total: 0
23:22:53.839 [http-nio-8080-exec-6] DEBUG com.heo.dao.UserOnlineMapper.selectByPrimaryKey - ==>  Preparing: select sessionId, user_name, ipaddr, login_location, browser, os, status, start_timestsamp, last_access_time, expire_time from user_online where sessionId = ? 
23:22:53.844 [http-nio-8080-exec-6] DEBUG com.heo.dao.UserOnlineMapper.selectByPrimaryKey - ==> Parameters: 1bffa259-0f41-4a43-b236-ff857ef463f9(String)
23:22:53.848 [http-nio-8080-exec-6] DEBUG com.heo.dao.UserOnlineMapper.selectByPrimaryKey - <==      Total: 0
23:22:54.371 [http-nio-8080-exec-8] DEBUG com.heo.dao.UserOnlineMapper.selectByPrimaryKey - ==>  Preparing: select sessionId, user_name, ipaddr, login_location, browser, os, status, start_timestsamp, last_access_time, expire_time from user_online where sessionId = ? 
23:22:54.378 [http-nio-8080-exec-8] DEBUG com.heo.dao.UserOnlineMapper.selectByPrimaryKey - ==> Parameters: 1bffa259-0f41-4a43-b236-ff857ef463f9(String)
23:22:54.386 [http-nio-8080-exec-8] DEBUG com.heo.dao.UserOnlineMapper.selectByPrimaryKey - <==      Total: 0
23:23:00.337 [http-nio-8080-exec-7] DEBUG com.heo.dao.UserOnlineMapper.selectByPrimaryKey - ==>  Preparing: select sessionId, user_name, ipaddr, login_location, browser, os, status, start_timestsamp, last_access_time, expire_time from user_online where sessionId = ? 
23:23:00.341 [http-nio-8080-exec-7] DEBUG com.heo.dao.UserOnlineMapper.selectByPrimaryKey - ==> Parameters: 1bffa259-0f41-4a43-b236-ff857ef463f9(String)
23:23:00.346 [http-nio-8080-exec-7] DEBUG com.heo.dao.UserOnlineMapper.selectByPrimaryKey - <==      Total: 0
23:23:15.042 [http-nio-8080-exec-7] DEBUG com.heo.dao.UserMapper.selectByExample - ==>  Preparing: select id, user_name, pass_word, salt, email, major_id, phone, location_id, type, alipay_id, wechat_id, qq_number, picture, student_id, created_at, updated_at, modify_by, login_ip, last_login from user WHERE ( user_name = ? ) 
23:23:15.042 [http-nio-8080-exec-7] DEBUG com.heo.dao.UserMapper.selectByExample - ==> Parameters: zwt(String)
23:23:15.091 [http-nio-8080-exec-7] DEBUG com.heo.dao.UserMapper.selectByExample - <==      Total: 1
23:23:17.517 [http-nio-8080-exec-7] INFO  sys-user - [127.0.0.1]XX 内网IP[zwt][Success][登录成功]
23:23:17.615 [http-nio-8080-exec-7] DEBUG com.heo.dao.LoginInformationMapper.insertSelective - ==>  Preparing: insert into login_information ( user_name, ipaddr, login_location, browser, os, status, msg ) values ( ?, ?, ?, ?, ?, ?, ? ) 
23:23:17.652 [http-nio-8080-exec-7] DEBUG com.heo.dao.LoginInformationMapper.insertSelective - ==> Parameters: zwt(String), 127.0.0.1(String), XX 内网IP(String), Chrome(String), Windows 10(String), 0(Integer), 登录成功(String)
23:23:17.666 [http-nio-8080-exec-7] DEBUG com.heo.dao.LoginInformationMapper.insertSelective - <==    Updates: 1
23:23:17.703 [http-nio-8080-exec-7] DEBUG com.heo.dao.UserMapper.updateByPrimaryKeySelective - ==>  Preparing: update user SET user_name = ?, pass_word = ?, salt = ?, email = ?, major_id = ?, phone = ?, location_id = ?, type = ?, student_id = ?, created_at = ?, updated_at = ?, login_ip = ?, last_login = ? where id = ? 
23:23:17.730 [http-nio-8080-exec-7] DEBUG com.heo.dao.UserMapper.updateByPrimaryKeySelective - ==> Parameters: zwt(String), bdf94cae8883b035c2976e1b1e6c5d5c(String), 11111(Integer), 1129114837@qq.com(String), 1(Integer), 17611233021(String), 1(String), 1(Byte), (String), 2018-09-12 21:58:02.0(Timestamp), 2018-09-12 21:58:22.0(Timestamp), 127.0.0.1(String), 2018-09-14 23:23:17.67(Timestamp), 1(Long)
23:23:17.741 [http-nio-8080-exec-7] DEBUG com.heo.dao.UserMapper.updateByPrimaryKeySelective - <==    Updates: 1
23:47:20.817 [main] INFO  com.heo.HelpeachotherApplication - Starting HelpeachotherApplication on LAPTOP-1M5RA4JD with PID 9068 (C:\Users\11291\Desktop\helpeachother\target\classes started by 11291 in C:\Users\11291\Desktop\helpeachother)
23:47:20.824 [main] DEBUG com.heo.HelpeachotherApplication - Running with Spring Boot v1.5.10.RELEASE, Spring v4.3.14.RELEASE
23:47:20.825 [main] INFO  com.heo.HelpeachotherApplication - The following profiles are active: druid
23:47:21.113 [background-preinit] INFO  org.hibernate.validator.internal.util.Version - HV000001: Hibernate Validator 5.3.6.Final
23:47:23.108 [main] INFO  org.apache.shiro.cache.ehcache.EhCacheManager - Cache with name 'com.heo.app.shiro.realm.UserRealm.authorizationCache' does not yet exist.  Creating now.
23:47:23.116 [main] INFO  org.apache.shiro.cache.ehcache.EhCacheManager - Added EhCache named [com.heo.app.shiro.realm.UserRealm.authorizationCache]
23:47:23.148 [main] INFO  org.apache.shiro.cache.ehcache.EhCacheManager - Using existing EHCache named [loginRecordCache]
23:47:25.467 [main] INFO  org.apache.catalina.core.StandardService - Starting service [Tomcat]
23:47:25.467 [main] INFO  org.apache.catalina.core.StandardEngine - Starting Servlet Engine: Apache Tomcat/8.5.27
23:47:25.673 [localhost-startStop-1] INFO  org.apache.catalina.core.ContainerBase.[Tomcat].[localhost].[/] - Initializing Spring embedded WebApplicationContext
23:47:28.283 [main] INFO  org.apache.coyote.http11.Http11NioProtocol - Initializing ProtocolHandler ["http-nio-8080"]
23:47:28.305 [main] INFO  org.apache.coyote.http11.Http11NioProtocol - Starting ProtocolHandler ["http-nio-8080"]
23:47:28.329 [main] INFO  org.apache.tomcat.util.net.NioSelectorPool - Using a shared selector for servlet write/read
23:47:28.371 [main] INFO  com.heo.HelpeachotherApplication - Started HelpeachotherApplication in 8.289 seconds (JVM running for 10.024)
23:47:53.907 [http-nio-8080-exec-1] INFO  org.apache.catalina.core.ContainerBase.[Tomcat].[localhost].[/] - Initializing Spring FrameworkServlet 'dispatcherServlet'
23:47:53.971 [http-nio-8080-exec-1] INFO  org.apache.shiro.session.mgt.AbstractValidatingSessionManager - Enabling session validation scheduler...
23:47:53.971 [http-nio-8080-exec-1] DEBUG com.heo.app.shiro.web.session.SpringSessionValidationScheduler - Scheduling session validation job using Spring Scheduler with session validation interval of [600000]ms...
23:47:53.971 [http-nio-8080-exec-1] DEBUG com.heo.app.shiro.web.session.SpringSessionValidationScheduler - Session validation job successfully scheduled with Spring Scheduler.
23:47:53.976 [http-nio-8080-exec-1] INFO  org.apache.shiro.cache.ehcache.EhCacheManager - Using existing EHCache named [shiro-activeSessionCache]
23:47:54.072 [http-nio-8080-exec-1] INFO  com.alibaba.druid.pool.DruidDataSource - {dataSource-1} inited
23:47:54.361 [http-nio-8080-exec-1] DEBUG com.heo.dao.UserOnlineMapper.selectByPrimaryKey - ==>  Preparing: select sessionId, user_name, ipaddr, login_location, browser, os, status, start_timestsamp, last_access_time, expire_time from user_online where sessionId = ? 
23:47:54.389 [http-nio-8080-exec-1] DEBUG com.heo.dao.UserOnlineMapper.selectByPrimaryKey - ==> Parameters: 0e184cc8-f576-4446-bf1b-883283eaa31e(String)
23:47:54.409 [http-nio-8080-exec-1] DEBUG com.heo.dao.UserOnlineMapper.selectByPrimaryKey - <==      Total: 0
23:47:54.975 [pool-1-thread-1] INFO  com.heo.app.shiro.web.session.OnlineWebSessionManager - invalidation sessions...
23:47:54.985 [pool-1-thread-1] DEBUG com.heo.dao.UserOnlineMapper.selectOnlineByExpired - ==>  Preparing: SELECT * FROM user_online o WHERE o.last_access_time <= ? ORDER BY o.last_access_time ASC 
23:47:54.986 [pool-1-thread-1] DEBUG com.heo.dao.UserOnlineMapper.selectOnlineByExpired - ==> Parameters: 2018-09-14 23:17:54(String)
23:47:55.207 [http-nio-8080-exec-2] DEBUG com.heo.dao.UserOnlineMapper.selectByPrimaryKey - ==>  Preparing: select sessionId, user_name, ipaddr, login_location, browser, os, status, start_timestsamp, last_access_time, expire_time from user_online where sessionId = ? 
23:47:55.209 [http-nio-8080-exec-2] DEBUG com.heo.dao.UserOnlineMapper.selectByPrimaryKey - ==> Parameters: 0e184cc8-f576-4446-bf1b-883283eaa31e(String)
23:47:55.211 [http-nio-8080-exec-2] DEBUG com.heo.dao.UserOnlineMapper.selectByPrimaryKey - <==      Total: 0
23:47:55.213 [http-nio-8080-exec-3] DEBUG com.heo.dao.UserOnlineMapper.selectByPrimaryKey - ==>  Preparing: select sessionId, user_name, ipaddr, login_location, browser, os, status, start_timestsamp, last_access_time, expire_time from user_online where sessionId = ? 
23:47:55.214 [http-nio-8080-exec-3] DEBUG com.heo.dao.UserOnlineMapper.selectByPrimaryKey - ==> Parameters: 0e184cc8-f576-4446-bf1b-883283eaa31e(String)
23:47:55.216 [http-nio-8080-exec-3] DEBUG com.heo.dao.UserOnlineMapper.selectByPrimaryKey - <==      Total: 0
23:47:55.217 [http-nio-8080-exec-4] DEBUG com.heo.dao.UserOnlineMapper.selectByPrimaryKey - ==>  Preparing: select sessionId, user_name, ipaddr, login_location, browser, os, status, start_timestsamp, last_access_time, expire_time from user_online where sessionId = ? 
23:47:55.218 [http-nio-8080-exec-4] DEBUG com.heo.dao.UserOnlineMapper.selectByPrimaryKey - ==> Parameters: 0e184cc8-f576-4446-bf1b-883283eaa31e(String)
23:47:55.222 [http-nio-8080-exec-4] DEBUG com.heo.dao.UserOnlineMapper.selectByPrimaryKey - <==      Total: 0
23:47:58.777 [http-nio-8080-exec-5] DEBUG com.heo.dao.UserOnlineMapper.selectByPrimaryKey - ==>  Preparing: select sessionId, user_name, ipaddr, login_location, browser, os, status, start_timestsamp, last_access_time, expire_time from user_online where sessionId = ? 
23:47:58.779 [http-nio-8080-exec-5] DEBUG com.heo.dao.UserOnlineMapper.selectByPrimaryKey - ==> Parameters: 0e184cc8-f576-4446-bf1b-883283eaa31e(String)
23:47:58.781 [http-nio-8080-exec-5] DEBUG com.heo.dao.UserOnlineMapper.selectByPrimaryKey - <==      Total: 0
23:47:58.880 [http-nio-8080-exec-5] DEBUG com.heo.dao.UserMapper.selectByExample - ==>  Preparing: select id, user_name, pass_word, salt, email, major_id, phone, location_id, type, alipay_id, wechat_id, qq_number, picture, student_id, created_at, updated_at, modify_by, login_ip, last_login from user WHERE ( user_name = ? ) 
23:47:58.884 [http-nio-8080-exec-5] DEBUG com.heo.dao.UserMapper.selectByExample - ==> Parameters: zwt(String)
23:47:58.894 [http-nio-8080-exec-5] DEBUG com.heo.dao.UserMapper.selectByExample - <==      Total: 1
23:47:59.227 [http-nio-8080-exec-5] INFO  sys-user - [127.0.0.1]XX 内网IP[zwt][Success][登录成功]
23:48:01.240 [http-nio-8080-exec-5] ERROR com.heo.common.utils.AddressUtils - 温馨提醒：您的主机已经断网，请您检查主机的网络连接
23:48:01.242 [http-nio-8080-exec-5] ERROR com.heo.common.utils.AddressUtils - 根据IP获取所在位置----------错误消息：Read timed out
23:48:01.256 [http-nio-8080-exec-5] ERROR com.heo.common.utils.AddressUtils - 根据IP获取所在位置----------错误消息：null
23:48:01.261 [http-nio-8080-exec-5] DEBUG com.heo.dao.LoginInformationMapper.insertSelective - ==>  Preparing: insert into login_information ( user_name, ipaddr, browser, os, status, msg ) values ( ?, ?, ?, ?, ?, ? ) 
23:48:01.268 [http-nio-8080-exec-5] DEBUG com.heo.dao.LoginInformationMapper.insertSelective - ==> Parameters: zwt(String), 127.0.0.1(String), Chrome(String), Windows 10(String), 0(Integer), 登录成功(String)
23:48:01.282 [http-nio-8080-exec-5] DEBUG com.heo.dao.LoginInformationMapper.insertSelective - <==    Updates: 1
23:48:01.293 [http-nio-8080-exec-5] DEBUG com.heo.dao.UserMapper.updateByPrimaryKeySelective - ==>  Preparing: update user SET user_name = ?, pass_word = ?, salt = ?, email = ?, major_id = ?, phone = ?, location_id = ?, type = ?, student_id = ?, created_at = ?, updated_at = ?, login_ip = ?, last_login = ? where id = ? 
23:48:01.297 [http-nio-8080-exec-5] DEBUG com.heo.dao.UserMapper.updateByPrimaryKeySelective - ==> Parameters: zwt(String), bdf94cae8883b035c2976e1b1e6c5d5c(String), 11111(Integer), 1129114837@qq.com(String), 1(Integer), 17611233021(String), 1(String), 1(Byte), (String), 2018-09-12 21:58:02.0(Timestamp), 2018-09-12 21:58:22.0(Timestamp), 127.0.0.1(String), 2018-09-14 23:48:01.283(Timestamp), 1(Long)
23:48:01.308 [http-nio-8080-exec-5] DEBUG com.heo.dao.UserMapper.updateByPrimaryKeySelective - <==    Updates: 1
23:59:51.279 [http-nio-8080-exec-10] WARN  org.springframework.web.servlet.PageNotFound - Request method 'GET' not supported
