00:02:17.767 [main] INFO  com.heo.HelpeachotherApplication - Starting HelpeachotherApplication on LAPTOP-1M5RA4JD with PID 14104 (C:\Users\11291\Desktop\helpeachother\target\classes started by 11291 in C:\Users\11291\Desktop\helpeachother)
00:02:17.781 [main] DEBUG com.heo.HelpeachotherApplication - Running with Spring Boot v1.5.10.RELEASE, Spring v4.3.14.RELEASE
00:02:17.781 [main] INFO  com.heo.HelpeachotherApplication - The following profiles are active: druid
00:02:17.963 [background-preinit] INFO  org.hibernate.validator.internal.util.Version - HV000001: Hibernate Validator 5.3.6.Final
00:02:19.410 [main] INFO  org.apache.shiro.cache.ehcache.EhCacheManager - Cache with name 'com.heo.app.shiro.realm.UserRealm.authorizationCache' does not yet exist.  Creating now.
00:02:19.413 [main] INFO  org.apache.shiro.cache.ehcache.EhCacheManager - Added EhCache named [com.heo.app.shiro.realm.UserRealm.authorizationCache]
00:02:19.448 [main] INFO  org.apache.shiro.cache.ehcache.EhCacheManager - Using existing EHCache named [loginRecordCache]
00:02:21.590 [main] INFO  org.apache.catalina.core.StandardService - Starting service [Tomcat]
00:02:21.594 [main] INFO  org.apache.catalina.core.StandardEngine - Starting Servlet Engine: Apache Tomcat/8.5.27
00:02:21.813 [localhost-startStop-1] INFO  org.apache.catalina.core.ContainerBase.[Tomcat].[localhost].[/] - Initializing Spring embedded WebApplicationContext
00:02:24.363 [main] INFO  org.apache.coyote.http11.Http11NioProtocol - Initializing ProtocolHandler ["http-nio-8080"]
00:02:24.387 [main] INFO  org.apache.coyote.http11.Http11NioProtocol - Starting ProtocolHandler ["http-nio-8080"]
00:02:24.410 [main] INFO  org.apache.tomcat.util.net.NioSelectorPool - Using a shared selector for servlet write/read
00:02:24.448 [main] INFO  com.heo.HelpeachotherApplication - Started HelpeachotherApplication in 7.184 seconds (JVM running for 8.637)
00:02:31.734 [http-nio-8080-exec-1] INFO  org.apache.catalina.core.ContainerBase.[Tomcat].[localhost].[/] - Initializing Spring FrameworkServlet 'dispatcherServlet'
00:02:31.820 [http-nio-8080-exec-1] INFO  org.apache.shiro.session.mgt.AbstractValidatingSessionManager - Enabling session validation scheduler...
00:02:31.820 [http-nio-8080-exec-1] DEBUG com.heo.app.shiro.web.session.SpringSessionValidationScheduler - Scheduling session validation job using Spring Scheduler with session validation interval of [600000]ms...
00:02:31.820 [http-nio-8080-exec-1] DEBUG com.heo.app.shiro.web.session.SpringSessionValidationScheduler - Session validation job successfully scheduled with Spring Scheduler.
00:02:31.826 [http-nio-8080-exec-1] INFO  org.apache.shiro.cache.ehcache.EhCacheManager - Using existing EHCache named [shiro-activeSessionCache]
00:02:31.967 [http-nio-8080-exec-1] INFO  com.alibaba.druid.pool.DruidDataSource - {dataSource-1} inited
00:02:32.367 [http-nio-8080-exec-1] DEBUG com.heo.dao.UserOnlineMapper.selectByPrimaryKey - ==>  Preparing: select sessionId, user_name, ipaddr, login_location, browser, os, status, start_timestsamp, last_access_time, expire_time from user_online where sessionId = ? 
00:02:32.396 [http-nio-8080-exec-1] DEBUG com.heo.dao.UserOnlineMapper.selectByPrimaryKey - ==> Parameters: c8143341-4129-4a74-837f-90f0e8cb490a(String)
00:02:32.442 [http-nio-8080-exec-1] DEBUG com.heo.dao.UserOnlineMapper.selectByPrimaryKey - <==      Total: 0
00:02:32.827 [pool-2-thread-1] INFO  com.heo.app.shiro.web.session.OnlineWebSessionManager - invalidation sessions...
00:02:32.846 [pool-2-thread-1] DEBUG com.heo.dao.UserOnlineMapper.selectOnlineByExpired - ==>  Preparing: SELECT * FROM user_online o WHERE o.last_access_time <= ? ORDER BY o.last_access_time ASC 
00:02:32.848 [pool-2-thread-1] DEBUG com.heo.dao.UserOnlineMapper.selectOnlineByExpired - ==> Parameters: 2018-09-14 23:32:32(String)
00:02:37.236 [http-nio-8080-exec-2] DEBUG com.heo.dao.UserOnlineMapper.selectByPrimaryKey - ==>  Preparing: select sessionId, user_name, ipaddr, login_location, browser, os, status, start_timestsamp, last_access_time, expire_time from user_online where sessionId = ? 
00:02:37.236 [http-nio-8080-exec-2] DEBUG com.heo.dao.UserOnlineMapper.selectByPrimaryKey - ==> Parameters: c8143341-4129-4a74-837f-90f0e8cb490a(String)
00:02:37.236 [http-nio-8080-exec-2] DEBUG com.heo.dao.UserOnlineMapper.selectByPrimaryKey - <==      Total: 0
00:02:37.325 [http-nio-8080-exec-2] DEBUG com.heo.dao.UserMapper.selectByExample - ==>  Preparing: select id, user_name, pass_word, salt, email, major_id, phone, location_id, type, alipay_id, wechat_id, qq_number, picture, student_id, created_at, updated_at, modify_by, login_ip, last_login from user WHERE ( user_name = ? ) 
00:02:37.330 [http-nio-8080-exec-2] DEBUG com.heo.dao.UserMapper.selectByExample - ==> Parameters: zwt(String)
00:02:37.336 [http-nio-8080-exec-2] DEBUG com.heo.dao.UserMapper.selectByExample - <==      Total: 1
00:02:37.612 [http-nio-8080-exec-2] INFO  sys-user - [127.0.0.1]XX 内网IP[zwt][Success][登录成功]
00:02:37.657 [http-nio-8080-exec-2] DEBUG com.heo.dao.LoginInformationMapper.insertSelective - ==>  Preparing: insert into login_information ( user_name, ipaddr, login_location, browser, os, status, msg ) values ( ?, ?, ?, ?, ?, ?, ? ) 
00:02:37.659 [http-nio-8080-exec-2] DEBUG com.heo.dao.LoginInformationMapper.insertSelective - ==> Parameters: zwt(String), 127.0.0.1(String), XX 内网IP(String), Chrome(String), Windows 10(String), 0(Integer), 登录成功(String)
00:02:37.669 [http-nio-8080-exec-2] DEBUG com.heo.dao.LoginInformationMapper.insertSelective - <==    Updates: 1
00:02:37.674 [http-nio-8080-exec-2] DEBUG com.heo.dao.UserMapper.updateByPrimaryKeySelective - ==>  Preparing: update user SET user_name = ?, pass_word = ?, salt = ?, email = ?, major_id = ?, phone = ?, location_id = ?, type = ?, student_id = ?, created_at = ?, updated_at = ?, login_ip = ?, last_login = ? where id = ? 
00:02:37.679 [http-nio-8080-exec-2] DEBUG com.heo.dao.UserMapper.updateByPrimaryKeySelective - ==> Parameters: zwt(String), bdf94cae8883b035c2976e1b1e6c5d5c(String), 11111(Integer), 1129114837@qq.com(String), 1(Integer), 17611233021(String), 1(String), 1(Byte), (String), 2018-09-12 21:58:02.0(Timestamp), 2018-09-12 21:58:22.0(Timestamp), 127.0.0.1(String), 2018-09-15 00:02:37.669(Timestamp), 1(Long)
00:02:37.684 [http-nio-8080-exec-2] DEBUG com.heo.dao.UserMapper.updateByPrimaryKeySelective - <==    Updates: 1
00:03:36.902 [main] INFO  com.heo.HelpeachotherApplication - Starting HelpeachotherApplication on LAPTOP-1M5RA4JD with PID 16048 (C:\Users\11291\Desktop\helpeachother\target\classes started by 11291 in C:\Users\11291\Desktop\helpeachother)
00:03:36.908 [main] DEBUG com.heo.HelpeachotherApplication - Running with Spring Boot v1.5.10.RELEASE, Spring v4.3.14.RELEASE
00:03:36.908 [main] INFO  com.heo.HelpeachotherApplication - The following profiles are active: druid
00:03:37.192 [background-preinit] INFO  org.hibernate.validator.internal.util.Version - HV000001: Hibernate Validator 5.3.6.Final
00:03:39.318 [main] INFO  org.apache.shiro.cache.ehcache.EhCacheManager - Cache with name 'com.heo.app.shiro.realm.UserRealm.authorizationCache' does not yet exist.  Creating now.
00:03:39.319 [main] INFO  org.apache.shiro.cache.ehcache.EhCacheManager - Added EhCache named [com.heo.app.shiro.realm.UserRealm.authorizationCache]
00:03:40.811 [main] INFO  org.apache.shiro.cache.ehcache.EhCacheManager - Using existing EHCache named [loginRecordCache]
00:03:43.516 [main] INFO  com.heo.HelpeachotherApplication - Starting HelpeachotherApplication on LAPTOP-1M5RA4JD with PID 8260 (C:\Users\11291\Desktop\helpeachother\target\classes started by 11291 in C:\Users\11291\Desktop\helpeachother)
00:03:43.521 [main] DEBUG com.heo.HelpeachotherApplication - Running with Spring Boot v1.5.10.RELEASE, Spring v4.3.14.RELEASE
00:03:43.521 [main] INFO  com.heo.HelpeachotherApplication - The following profiles are active: druid
00:03:43.834 [background-preinit] INFO  org.hibernate.validator.internal.util.Version - HV000001: Hibernate Validator 5.3.6.Final
00:03:46.079 [main] INFO  org.apache.shiro.cache.ehcache.EhCacheManager - Cache with name 'com.heo.app.shiro.realm.UserRealm.authorizationCache' does not yet exist.  Creating now.
00:03:46.081 [main] INFO  org.apache.shiro.cache.ehcache.EhCacheManager - Added EhCache named [com.heo.app.shiro.realm.UserRealm.authorizationCache]
00:03:46.131 [main] INFO  org.apache.shiro.cache.ehcache.EhCacheManager - Using existing EHCache named [loginRecordCache]
00:03:54.404 [main] INFO  com.heo.HelpeachotherApplication - Starting HelpeachotherApplication on LAPTOP-1M5RA4JD with PID 14000 (C:\Users\11291\Desktop\helpeachother\target\classes started by 11291 in C:\Users\11291\Desktop\helpeachother)
00:03:54.410 [main] DEBUG com.heo.HelpeachotherApplication - Running with Spring Boot v1.5.10.RELEASE, Spring v4.3.14.RELEASE
00:03:54.410 [main] INFO  com.heo.HelpeachotherApplication - The following profiles are active: druid
00:03:54.576 [background-preinit] INFO  org.hibernate.validator.internal.util.Version - HV000001: Hibernate Validator 5.3.6.Final
00:03:56.057 [main] INFO  org.apache.shiro.cache.ehcache.EhCacheManager - Cache with name 'com.heo.app.shiro.realm.UserRealm.authorizationCache' does not yet exist.  Creating now.
00:03:56.058 [main] INFO  org.apache.shiro.cache.ehcache.EhCacheManager - Added EhCache named [com.heo.app.shiro.realm.UserRealm.authorizationCache]
00:03:56.094 [main] INFO  org.apache.shiro.cache.ehcache.EhCacheManager - Using existing EHCache named [loginRecordCache]
00:03:58.253 [main] INFO  org.apache.catalina.core.StandardService - Starting service [Tomcat]
00:03:58.257 [main] INFO  org.apache.catalina.core.StandardEngine - Starting Servlet Engine: Apache Tomcat/8.5.27
00:03:58.510 [localhost-startStop-1] INFO  org.apache.catalina.core.ContainerBase.[Tomcat].[localhost].[/] - Initializing Spring embedded WebApplicationContext
00:03:58.947 [localhost-startStop-1] ERROR org.springframework.boot.context.embedded.tomcat.TomcatStarter - Error starting Tomcat context. Exception: org.springframework.beans.factory.BeanCreationException. Message: Error creating bean with name 'shiroFilterFactoryBean': FactoryBean threw exception on object creation; nested exception is java.lang.IllegalArgumentException: There is no filter with name 'admin' to apply to chain [/test] in the pool of available Filters.  Ensure a filter with that name/path has first been registered with the addFilter method(s).
00:03:58.971 [main] WARN  o.s.boot.context.embedded.AnnotationConfigEmbeddedWebApplicationContext - Exception encountered during context initialization - cancelling refresh attempt: org.springframework.context.ApplicationContextException: Unable to start embedded container; nested exception is org.springframework.boot.context.embedded.EmbeddedServletContainerException: Unable to start embedded Tomcat
00:03:58.986 [main] ERROR org.springframework.boot.SpringApplication - Application startup failed
org.springframework.context.ApplicationContextException: Unable to start embedded container; nested exception is org.springframework.boot.context.embedded.EmbeddedServletContainerException: Unable to start embedded Tomcat
	at org.springframework.boot.context.embedded.EmbeddedWebApplicationContext.onRefresh(EmbeddedWebApplicationContext.java:137)
	at org.springframework.context.support.AbstractApplicationContext.refresh(AbstractApplicationContext.java:537)
	at org.springframework.boot.context.embedded.EmbeddedWebApplicationContext.refresh(EmbeddedWebApplicationContext.java:122)
	at org.springframework.boot.SpringApplication.refresh(SpringApplication.java:693)
	at org.springframework.boot.SpringApplication.refreshContext(SpringApplication.java:360)
	at org.springframework.boot.SpringApplication.run(SpringApplication.java:303)
	at org.springframework.boot.SpringApplication.run(SpringApplication.java:1118)
	at org.springframework.boot.SpringApplication.run(SpringApplication.java:1107)
	at com.heo.HelpeachotherApplication.main(HelpeachotherApplication.java:13)
Caused by: org.springframework.boot.context.embedded.EmbeddedServletContainerException: Unable to start embedded Tomcat
	at org.springframework.boot.context.embedded.tomcat.TomcatEmbeddedServletContainer.initialize(TomcatEmbeddedServletContainer.java:123)
	at org.springframework.boot.context.embedded.tomcat.TomcatEmbeddedServletContainer.<init>(TomcatEmbeddedServletContainer.java:84)
	at org.springframework.boot.context.embedded.tomcat.TomcatEmbeddedServletContainerFactory.getTomcatEmbeddedServletContainer(TomcatEmbeddedServletContainerFactory.java:554)
	at org.springframework.boot.context.embedded.tomcat.TomcatEmbeddedServletContainerFactory.getEmbeddedServletContainer(TomcatEmbeddedServletContainerFactory.java:179)
	at org.springframework.boot.context.embedded.EmbeddedWebApplicationContext.createEmbeddedServletContainer(EmbeddedWebApplicationContext.java:164)
	at org.springframework.boot.context.embedded.EmbeddedWebApplicationContext.onRefresh(EmbeddedWebApplicationContext.java:134)
	... 8 common frames omitted
Caused by: org.springframework.beans.factory.BeanCreationException: Error creating bean with name 'shiroFilterFactoryBean': FactoryBean threw exception on object creation; nested exception is java.lang.IllegalArgumentException: There is no filter with name 'admin' to apply to chain [/test] in the pool of available Filters.  Ensure a filter with that name/path has first been registered with the addFilter method(s).
	at org.springframework.beans.factory.support.FactoryBeanRegistrySupport.doGetObjectFromFactoryBean(FactoryBeanRegistrySupport.java:175)
	at org.springframework.beans.factory.support.FactoryBeanRegistrySupport.getObjectFromFactoryBean(FactoryBeanRegistrySupport.java:103)
	at org.springframework.beans.factory.support.AbstractBeanFactory.getObjectForBeanInstance(AbstractBeanFactory.java:1634)
	at org.springframework.beans.factory.support.AbstractBeanFactory.doGetBean(AbstractBeanFactory.java:254)
	at org.springframework.beans.factory.support.AbstractBeanFactory.getBean(AbstractBeanFactory.java:202)
	at org.springframework.boot.web.servlet.ServletContextInitializerBeans.getOrderedBeansOfType(ServletContextInitializerBeans.java:234)
	at org.springframework.boot.web.servlet.ServletContextInitializerBeans.addAsRegistrationBean(ServletContextInitializerBeans.java:182)
	at org.springframework.boot.web.servlet.ServletContextInitializerBeans.addAsRegistrationBean(ServletContextInitializerBeans.java:177)
	at org.springframework.boot.web.servlet.ServletContextInitializerBeans.addAdaptableBeans(ServletContextInitializerBeans.java:159)
	at org.springframework.boot.web.servlet.ServletContextInitializerBeans.<init>(ServletContextInitializerBeans.java:80)
	at org.springframework.boot.context.embedded.EmbeddedWebApplicationContext.getServletContextInitializerBeans(EmbeddedWebApplicationContext.java:241)
	at org.springframework.boot.context.embedded.EmbeddedWebApplicationContext.selfInitialize(EmbeddedWebApplicationContext.java:228)
	at org.springframework.boot.context.embedded.EmbeddedWebApplicationContext.access$000(EmbeddedWebApplicationContext.java:89)
	at org.springframework.boot.context.embedded.EmbeddedWebApplicationContext$1.onStartup(EmbeddedWebApplicationContext.java:213)
	at org.springframework.boot.context.embedded.tomcat.TomcatStarter.onStartup(TomcatStarter.java:55)
	at org.apache.catalina.core.StandardContext.startInternal(StandardContext.java:5196)
	at org.apache.catalina.util.LifecycleBase.start(LifecycleBase.java:150)
	at org.apache.catalina.core.ContainerBase$StartChild.call(ContainerBase.java:1419)
	at org.apache.catalina.core.ContainerBase$StartChild.call(ContainerBase.java:1409)
	at java.util.concurrent.FutureTask.run(FutureTask.java:266)
	at java.util.concurrent.ThreadPoolExecutor.runWorker(ThreadPoolExecutor.java:1149)
	at java.util.concurrent.ThreadPoolExecutor$Worker.run(ThreadPoolExecutor.java:624)
	at java.lang.Thread.run(Thread.java:748)
Caused by: java.lang.IllegalArgumentException: There is no filter with name 'admin' to apply to chain [/test] in the pool of available Filters.  Ensure a filter with that name/path has first been registered with the addFilter method(s).
	at org.apache.shiro.web.filter.mgt.DefaultFilterChainManager.addToChain(DefaultFilterChainManager.java:265)
	at org.apache.shiro.web.filter.mgt.DefaultFilterChainManager.createChain(DefaultFilterChainManager.java:148)
	at org.apache.shiro.spring.web.ShiroFilterFactoryBean.createFilterChainManager(ShiroFilterFactoryBean.java:397)
	at org.apache.shiro.spring.web.ShiroFilterFactoryBean.createInstance(ShiroFilterFactoryBean.java:437)
	at org.apache.shiro.spring.web.ShiroFilterFactoryBean.getObject(ShiroFilterFactoryBean.java:343)
	at org.springframework.beans.factory.support.FactoryBeanRegistrySupport.doGetObjectFromFactoryBean(FactoryBeanRegistrySupport.java:168)
	... 22 common frames omitted
00:04:15.377 [main] INFO  com.heo.HelpeachotherApplication - Starting HelpeachotherApplication on LAPTOP-1M5RA4JD with PID 12864 (C:\Users\11291\Desktop\helpeachother\target\classes started by 11291 in C:\Users\11291\Desktop\helpeachother)
00:04:15.378 [main] DEBUG com.heo.HelpeachotherApplication - Running with Spring Boot v1.5.10.RELEASE, Spring v4.3.14.RELEASE
00:04:15.378 [main] INFO  com.heo.HelpeachotherApplication - The following profiles are active: druid
00:04:15.555 [background-preinit] INFO  org.hibernate.validator.internal.util.Version - HV000001: Hibernate Validator 5.3.6.Final
00:04:17.008 [main] INFO  org.apache.shiro.cache.ehcache.EhCacheManager - Cache with name 'com.heo.app.shiro.realm.UserRealm.authorizationCache' does not yet exist.  Creating now.
00:04:17.009 [main] INFO  org.apache.shiro.cache.ehcache.EhCacheManager - Added EhCache named [com.heo.app.shiro.realm.UserRealm.authorizationCache]
00:04:17.053 [main] INFO  org.apache.shiro.cache.ehcache.EhCacheManager - Using existing EHCache named [loginRecordCache]
00:04:19.143 [main] INFO  org.apache.catalina.core.StandardService - Starting service [Tomcat]
00:04:19.147 [main] INFO  org.apache.catalina.core.StandardEngine - Starting Servlet Engine: Apache Tomcat/8.5.27
00:04:19.324 [localhost-startStop-1] INFO  org.apache.catalina.core.ContainerBase.[Tomcat].[localhost].[/] - Initializing Spring embedded WebApplicationContext
00:04:19.716 [localhost-startStop-1] ERROR org.springframework.boot.context.embedded.tomcat.TomcatStarter - Error starting Tomcat context. Exception: org.springframework.beans.factory.BeanCreationException. Message: Error creating bean with name 'shiroFilterFactoryBean': FactoryBean threw exception on object creation; nested exception is java.lang.IllegalArgumentException: There is no filter with name 'admin' to apply to chain [/test] in the pool of available Filters.  Ensure a filter with that name/path has first been registered with the addFilter method(s).
00:04:19.759 [main] WARN  o.s.boot.context.embedded.AnnotationConfigEmbeddedWebApplicationContext - Exception encountered during context initialization - cancelling refresh attempt: org.springframework.context.ApplicationContextException: Unable to start embedded container; nested exception is org.springframework.boot.context.embedded.EmbeddedServletContainerException: Unable to start embedded Tomcat
00:04:19.784 [main] ERROR org.springframework.boot.SpringApplication - Application startup failed
org.springframework.context.ApplicationContextException: Unable to start embedded container; nested exception is org.springframework.boot.context.embedded.EmbeddedServletContainerException: Unable to start embedded Tomcat
	at org.springframework.boot.context.embedded.EmbeddedWebApplicationContext.onRefresh(EmbeddedWebApplicationContext.java:137)
	at org.springframework.context.support.AbstractApplicationContext.refresh(AbstractApplicationContext.java:537)
	at org.springframework.boot.context.embedded.EmbeddedWebApplicationContext.refresh(EmbeddedWebApplicationContext.java:122)
	at org.springframework.boot.SpringApplication.refresh(SpringApplication.java:693)
	at org.springframework.boot.SpringApplication.refreshContext(SpringApplication.java:360)
	at org.springframework.boot.SpringApplication.run(SpringApplication.java:303)
	at org.springframework.boot.SpringApplication.run(SpringApplication.java:1118)
	at org.springframework.boot.SpringApplication.run(SpringApplication.java:1107)
	at com.heo.HelpeachotherApplication.main(HelpeachotherApplication.java:13)
Caused by: org.springframework.boot.context.embedded.EmbeddedServletContainerException: Unable to start embedded Tomcat
	at org.springframework.boot.context.embedded.tomcat.TomcatEmbeddedServletContainer.initialize(TomcatEmbeddedServletContainer.java:123)
	at org.springframework.boot.context.embedded.tomcat.TomcatEmbeddedServletContainer.<init>(TomcatEmbeddedServletContainer.java:84)
	at org.springframework.boot.context.embedded.tomcat.TomcatEmbeddedServletContainerFactory.getTomcatEmbeddedServletContainer(TomcatEmbeddedServletContainerFactory.java:554)
	at org.springframework.boot.context.embedded.tomcat.TomcatEmbeddedServletContainerFactory.getEmbeddedServletContainer(TomcatEmbeddedServletContainerFactory.java:179)
	at org.springframework.boot.context.embedded.EmbeddedWebApplicationContext.createEmbeddedServletContainer(EmbeddedWebApplicationContext.java:164)
	at org.springframework.boot.context.embedded.EmbeddedWebApplicationContext.onRefresh(EmbeddedWebApplicationContext.java:134)
	... 8 common frames omitted
Caused by: org.springframework.beans.factory.BeanCreationException: Error creating bean with name 'shiroFilterFactoryBean': FactoryBean threw exception on object creation; nested exception is java.lang.IllegalArgumentException: There is no filter with name 'admin' to apply to chain [/test] in the pool of available Filters.  Ensure a filter with that name/path has first been registered with the addFilter method(s).
	at org.springframework.beans.factory.support.FactoryBeanRegistrySupport.doGetObjectFromFactoryBean(FactoryBeanRegistrySupport.java:175)
	at org.springframework.beans.factory.support.FactoryBeanRegistrySupport.getObjectFromFactoryBean(FactoryBeanRegistrySupport.java:103)
	at org.springframework.beans.factory.support.AbstractBeanFactory.getObjectForBeanInstance(AbstractBeanFactory.java:1634)
	at org.springframework.beans.factory.support.AbstractBeanFactory.doGetBean(AbstractBeanFactory.java:254)
	at org.springframework.beans.factory.support.AbstractBeanFactory.getBean(AbstractBeanFactory.java:202)
	at org.springframework.boot.web.servlet.ServletContextInitializerBeans.getOrderedBeansOfType(ServletContextInitializerBeans.java:234)
	at org.springframework.boot.web.servlet.ServletContextInitializerBeans.addAsRegistrationBean(ServletContextInitializerBeans.java:182)
	at org.springframework.boot.web.servlet.ServletContextInitializerBeans.addAsRegistrationBean(ServletContextInitializerBeans.java:177)
	at org.springframework.boot.web.servlet.ServletContextInitializerBeans.addAdaptableBeans(ServletContextInitializerBeans.java:159)
	at org.springframework.boot.web.servlet.ServletContextInitializerBeans.<init>(ServletContextInitializerBeans.java:80)
	at org.springframework.boot.context.embedded.EmbeddedWebApplicationContext.getServletContextInitializerBeans(EmbeddedWebApplicationContext.java:241)
	at org.springframework.boot.context.embedded.EmbeddedWebApplicationContext.selfInitialize(EmbeddedWebApplicationContext.java:228)
	at org.springframework.boot.context.embedded.EmbeddedWebApplicationContext.access$000(EmbeddedWebApplicationContext.java:89)
	at org.springframework.boot.context.embedded.EmbeddedWebApplicationContext$1.onStartup(EmbeddedWebApplicationContext.java:213)
	at org.springframework.boot.context.embedded.tomcat.TomcatStarter.onStartup(TomcatStarter.java:55)
	at org.apache.catalina.core.StandardContext.startInternal(StandardContext.java:5196)
	at org.apache.catalina.util.LifecycleBase.start(LifecycleBase.java:150)
	at org.apache.catalina.core.ContainerBase$StartChild.call(ContainerBase.java:1419)
	at org.apache.catalina.core.ContainerBase$StartChild.call(ContainerBase.java:1409)
	at java.util.concurrent.FutureTask.run(FutureTask.java:266)
	at java.util.concurrent.ThreadPoolExecutor.runWorker(ThreadPoolExecutor.java:1149)
	at java.util.concurrent.ThreadPoolExecutor$Worker.run(ThreadPoolExecutor.java:624)
	at java.lang.Thread.run(Thread.java:748)
Caused by: java.lang.IllegalArgumentException: There is no filter with name 'admin' to apply to chain [/test] in the pool of available Filters.  Ensure a filter with that name/path has first been registered with the addFilter method(s).
	at org.apache.shiro.web.filter.mgt.DefaultFilterChainManager.addToChain(DefaultFilterChainManager.java:265)
	at org.apache.shiro.web.filter.mgt.DefaultFilterChainManager.createChain(DefaultFilterChainManager.java:148)
	at org.apache.shiro.spring.web.ShiroFilterFactoryBean.createFilterChainManager(ShiroFilterFactoryBean.java:397)
	at org.apache.shiro.spring.web.ShiroFilterFactoryBean.createInstance(ShiroFilterFactoryBean.java:437)
	at org.apache.shiro.spring.web.ShiroFilterFactoryBean.getObject(ShiroFilterFactoryBean.java:343)
	at org.springframework.beans.factory.support.FactoryBeanRegistrySupport.doGetObjectFromFactoryBean(FactoryBeanRegistrySupport.java:168)
	... 22 common frames omitted
08:49:50.398 [main] INFO  com.heo.HelpeachotherApplication - Starting HelpeachotherApplication on LAPTOP-1M5RA4JD with PID 17920 (C:\Users\11291\Desktop\helpeachother\target\classes started by 11291 in C:\Users\11291\Desktop\helpeachother)
08:49:50.402 [main] DEBUG com.heo.HelpeachotherApplication - Running with Spring Boot v1.5.10.RELEASE, Spring v4.3.14.RELEASE
08:49:50.402 [main] INFO  com.heo.HelpeachotherApplication - The following profiles are active: druid
08:49:50.601 [background-preinit] INFO  org.hibernate.validator.internal.util.Version - HV000001: Hibernate Validator 5.3.6.Final
08:49:51.644 [main] INFO  org.apache.shiro.cache.ehcache.EhCacheManager - Cache with name 'com.heo.app.shiro.realm.UserRealm.authorizationCache' does not yet exist.  Creating now.
08:49:51.645 [main] INFO  org.apache.shiro.cache.ehcache.EhCacheManager - Added EhCache named [com.heo.app.shiro.realm.UserRealm.authorizationCache]
08:49:51.666 [main] INFO  org.apache.shiro.cache.ehcache.EhCacheManager - Using existing EHCache named [loginRecordCache]
08:49:53.106 [main] INFO  org.apache.catalina.core.StandardService - Starting service [Tomcat]
08:49:53.108 [main] INFO  org.apache.catalina.core.StandardEngine - Starting Servlet Engine: Apache Tomcat/8.5.27
08:49:53.249 [localhost-startStop-1] INFO  org.apache.catalina.core.ContainerBase.[Tomcat].[localhost].[/] - Initializing Spring embedded WebApplicationContext
08:49:54.677 [main] INFO  org.apache.coyote.http11.Http11NioProtocol - Initializing ProtocolHandler ["http-nio-8080"]
08:49:54.688 [main] INFO  org.apache.coyote.http11.Http11NioProtocol - Starting ProtocolHandler ["http-nio-8080"]
08:49:54.699 [main] INFO  org.apache.tomcat.util.net.NioSelectorPool - Using a shared selector for servlet write/read
08:49:54.722 [main] INFO  com.heo.HelpeachotherApplication - Started HelpeachotherApplication in 4.961 seconds (JVM running for 7.739)
08:50:21.330 [main] INFO  com.heo.HelpeachotherApplication - Starting HelpeachotherApplication on LAPTOP-1M5RA4JD with PID 17684 (C:\Users\11291\Desktop\helpeachother\target\classes started by 11291 in C:\Users\11291\Desktop\helpeachother)
08:50:21.333 [main] DEBUG com.heo.HelpeachotherApplication - Running with Spring Boot v1.5.10.RELEASE, Spring v4.3.14.RELEASE
08:50:21.333 [main] INFO  com.heo.HelpeachotherApplication - The following profiles are active: druid
08:50:21.517 [background-preinit] INFO  org.hibernate.validator.internal.util.Version - HV000001: Hibernate Validator 5.3.6.Final
08:50:22.543 [main] INFO  org.apache.shiro.cache.ehcache.EhCacheManager - Cache with name 'com.heo.app.shiro.realm.UserRealm.authorizationCache' does not yet exist.  Creating now.
08:50:22.544 [main] INFO  org.apache.shiro.cache.ehcache.EhCacheManager - Added EhCache named [com.heo.app.shiro.realm.UserRealm.authorizationCache]
08:50:22.564 [main] INFO  org.apache.shiro.cache.ehcache.EhCacheManager - Using existing EHCache named [loginRecordCache]
08:50:23.797 [main] INFO  org.apache.catalina.core.StandardService - Starting service [Tomcat]
08:50:23.798 [main] INFO  org.apache.catalina.core.StandardEngine - Starting Servlet Engine: Apache Tomcat/8.5.27
08:50:23.919 [localhost-startStop-1] INFO  org.apache.catalina.core.ContainerBase.[Tomcat].[localhost].[/] - Initializing Spring embedded WebApplicationContext
08:50:25.479 [main] INFO  org.apache.coyote.http11.Http11NioProtocol - Initializing ProtocolHandler ["http-nio-8080"]
08:50:25.488 [main] INFO  org.apache.coyote.http11.Http11NioProtocol - Starting ProtocolHandler ["http-nio-8080"]
08:50:25.501 [main] INFO  org.apache.tomcat.util.net.NioSelectorPool - Using a shared selector for servlet write/read
08:50:25.525 [main] INFO  com.heo.HelpeachotherApplication - Started HelpeachotherApplication in 4.616 seconds (JVM running for 5.706)
08:50:34.612 [http-nio-8080-exec-1] INFO  org.apache.catalina.core.ContainerBase.[Tomcat].[localhost].[/] - Initializing Spring FrameworkServlet 'dispatcherServlet'
08:50:34.664 [http-nio-8080-exec-1] INFO  org.apache.shiro.session.mgt.AbstractValidatingSessionManager - Enabling session validation scheduler...
08:50:34.664 [http-nio-8080-exec-1] DEBUG com.heo.app.shiro.web.session.SpringSessionValidationScheduler - Scheduling session validation job using Spring Scheduler with session validation interval of [600000]ms...
08:50:34.665 [http-nio-8080-exec-1] DEBUG com.heo.app.shiro.web.session.SpringSessionValidationScheduler - Session validation job successfully scheduled with Spring Scheduler.
08:50:34.667 [http-nio-8080-exec-1] INFO  org.apache.shiro.cache.ehcache.EhCacheManager - Using existing EHCache named [shiro-activeSessionCache]
08:50:34.742 [http-nio-8080-exec-1] INFO  com.alibaba.druid.pool.DruidDataSource - {dataSource-1} inited
08:50:34.895 [http-nio-8080-exec-1] DEBUG com.heo.dao.UserOnlineMapper.selectByPrimaryKey - ==>  Preparing: select sessionId, user_name, ipaddr, login_location, browser, os, status, start_timestsamp, last_access_time, expire_time from user_online where sessionId = ? 
08:50:34.910 [http-nio-8080-exec-1] DEBUG com.heo.dao.UserOnlineMapper.selectByPrimaryKey - ==> Parameters: 6c75631c-387d-4e5b-853c-94f28209dff0(String)
08:50:34.923 [http-nio-8080-exec-1] DEBUG com.heo.dao.UserOnlineMapper.selectByPrimaryKey - <==      Total: 0
08:50:35.357 [http-nio-8080-exec-2] DEBUG com.heo.dao.UserOnlineMapper.selectByPrimaryKey - ==>  Preparing: select sessionId, user_name, ipaddr, login_location, browser, os, status, start_timestsamp, last_access_time, expire_time from user_online where sessionId = ? 
08:50:35.358 [http-nio-8080-exec-2] DEBUG com.heo.dao.UserOnlineMapper.selectByPrimaryKey - ==> Parameters: 6c75631c-387d-4e5b-853c-94f28209dff0(String)
08:50:35.360 [http-nio-8080-exec-2] DEBUG com.heo.dao.UserOnlineMapper.selectByPrimaryKey - <==      Total: 0
08:50:35.366 [http-nio-8080-exec-3] DEBUG com.heo.dao.UserOnlineMapper.selectByPrimaryKey - ==>  Preparing: select sessionId, user_name, ipaddr, login_location, browser, os, status, start_timestsamp, last_access_time, expire_time from user_online where sessionId = ? 
08:50:35.367 [http-nio-8080-exec-3] DEBUG com.heo.dao.UserOnlineMapper.selectByPrimaryKey - ==> Parameters: 6c75631c-387d-4e5b-853c-94f28209dff0(String)
08:50:35.369 [http-nio-8080-exec-3] DEBUG com.heo.dao.UserOnlineMapper.selectByPrimaryKey - <==      Total: 0
08:50:35.370 [http-nio-8080-exec-4] DEBUG com.heo.dao.UserOnlineMapper.selectByPrimaryKey - ==>  Preparing: select sessionId, user_name, ipaddr, login_location, browser, os, status, start_timestsamp, last_access_time, expire_time from user_online where sessionId = ? 
08:50:35.372 [http-nio-8080-exec-4] DEBUG com.heo.dao.UserOnlineMapper.selectByPrimaryKey - ==> Parameters: 6c75631c-387d-4e5b-853c-94f28209dff0(String)
08:50:35.373 [http-nio-8080-exec-4] DEBUG com.heo.dao.UserOnlineMapper.selectByPrimaryKey - <==      Total: 0
08:50:35.666 [pool-1-thread-1] INFO  com.heo.app.shiro.web.session.OnlineWebSessionManager - invalidation sessions...
08:50:35.672 [pool-1-thread-1] DEBUG com.heo.dao.UserOnlineMapper.selectOnlineByExpired - ==>  Preparing: SELECT * FROM user_online o WHERE o.last_access_time <= ? ORDER BY o.last_access_time ASC 
08:50:35.673 [pool-1-thread-1] DEBUG com.heo.dao.UserOnlineMapper.selectOnlineByExpired - ==> Parameters: 2018-09-15 08:20:35(String)
08:50:38.882 [http-nio-8080-exec-5] DEBUG com.heo.dao.UserOnlineMapper.selectByPrimaryKey - ==>  Preparing: select sessionId, user_name, ipaddr, login_location, browser, os, status, start_timestsamp, last_access_time, expire_time from user_online where sessionId = ? 
08:50:38.883 [http-nio-8080-exec-5] DEBUG com.heo.dao.UserOnlineMapper.selectByPrimaryKey - ==> Parameters: 6c75631c-387d-4e5b-853c-94f28209dff0(String)
08:50:38.885 [http-nio-8080-exec-5] DEBUG com.heo.dao.UserOnlineMapper.selectByPrimaryKey - <==      Total: 0
08:50:39.224 [http-nio-8080-exec-5] DEBUG com.heo.dao.UserMapper.selectByExample - ==>  Preparing: select id, user_name, pass_word, salt, email, major_id, phone, location_id, type, alipay_id, wechat_id, qq_number, picture, student_id, created_at, updated_at, modify_by, login_ip, last_login from user WHERE ( user_name = ? ) 
08:50:39.225 [http-nio-8080-exec-5] DEBUG com.heo.dao.UserMapper.selectByExample - ==> Parameters: zwt(String)
08:50:39.230 [http-nio-8080-exec-5] DEBUG com.heo.dao.UserMapper.selectByExample - <==      Total: 1
08:50:39.554 [http-nio-8080-exec-5] INFO  sys-user - [127.0.0.1]XX 内网IP[zwt][Success][登录成功]
08:50:41.557 [http-nio-8080-exec-5] ERROR com.heo.common.utils.AddressUtils - 温馨提醒：您的主机已经断网，请您检查主机的网络连接
08:50:41.557 [http-nio-8080-exec-5] ERROR com.heo.common.utils.AddressUtils - 根据IP获取所在位置----------错误消息：Read timed out
08:50:41.565 [http-nio-8080-exec-5] ERROR com.heo.common.utils.AddressUtils - 根据IP获取所在位置----------错误消息：null
08:50:41.568 [http-nio-8080-exec-5] DEBUG com.heo.dao.LoginInformationMapper.insertSelective - ==>  Preparing: insert into login_information ( user_name, ipaddr, browser, os, status, msg ) values ( ?, ?, ?, ?, ?, ? ) 
08:50:41.570 [http-nio-8080-exec-5] DEBUG com.heo.dao.LoginInformationMapper.insertSelective - ==> Parameters: zwt(String), 127.0.0.1(String), Chrome(String), Windows 10(String), 0(Integer), 登录成功(String)
08:50:41.575 [http-nio-8080-exec-5] DEBUG com.heo.dao.LoginInformationMapper.insertSelective - <==    Updates: 1
08:50:41.581 [http-nio-8080-exec-5] DEBUG com.heo.dao.UserMapper.updateByPrimaryKeySelective - ==>  Preparing: update user SET user_name = ?, pass_word = ?, salt = ?, email = ?, major_id = ?, phone = ?, location_id = ?, type = ?, student_id = ?, created_at = ?, updated_at = ?, login_ip = ?, last_login = ? where id = ? 
08:50:41.584 [http-nio-8080-exec-5] DEBUG com.heo.dao.UserMapper.updateByPrimaryKeySelective - ==> Parameters: zwt(String), bdf94cae8883b035c2976e1b1e6c5d5c(String), 11111(Integer), 1129114837@qq.com(String), 1(Integer), 17611233021(String), 1(String), 1(Byte), (String), 2018-09-12 21:58:02.0(Timestamp), 2018-09-12 21:58:22.0(Timestamp), 127.0.0.1(String), 2018-09-15 08:50:41.576(Timestamp), 1(Long)
08:50:41.591 [http-nio-8080-exec-5] DEBUG com.heo.dao.UserMapper.updateByPrimaryKeySelective - <==    Updates: 1
08:50:43.721 [http-nio-8080-exec-6] DEBUG com.heo.dao.UserOnlineMapper.insertSelective - ==>  Preparing: insert into user_online ( sessionId, user_name, ipaddr, login_location, browser, os, status, start_timestsamp, last_access_time, expire_time ) values ( ?, ?, ?, ?, ?, ?, ?, ?, ?, ? ) 
08:50:43.724 [http-nio-8080-exec-6] DEBUG com.heo.dao.UserOnlineMapper.insertSelective - ==> Parameters: 008c9494-f281-4ef4-b5f1-f6f868110600(String), zwt(String), 127.0.0.1(String), XX 内网IP(String), Chrome(String), Windows 10(String), 在线(String), 2018-09-15 08:50:39.288(Timestamp), 2018-09-15 08:50:43.56(Timestamp), 1800000(Integer)
08:50:43.728 [http-nio-8080-exec-6] DEBUG com.heo.dao.UserOnlineMapper.insertSelective - <==    Updates: 1
